<?xml version="1.0" encoding="UTF-8"?>
<testsuite name="hello.GreeterTest" tests="1" skipped="0" failures="0" errors="0" timestamp="2017-11-03T18:49:36" hostname="/0:0:0:0:0:0:0:1%lo" time="0.003">
  <properties/>
  <testcase name="greeterSaysHello" classname="hello.GreeterTest" time="0.003"/>
  <system-out><![CDATA[]]></system-out>
  <system-err><![CDATA[]]></system-err>
</testsuite>
